<?xml version="1.0" encoding="UTF-8"?>
<!-- Generated by org.testng.reporters.JUnitReportReporter -->
<testsuite hostname="LAPTOP-OB53OND9" failures="0" tests="2" name="TestNG1.AnnotationDemo1" time="0.005" errors="0" timestamp="2024-04-16T20:02:17 IST" skipped="0">
  <testcase classname="TestNG1.AnnotationDemo1" name="Search" time="0.004"/>
  <testcase classname="TestNG1.AnnotationDemo1" name="Advancesearch" time="0.001"/>
</testsuite> <!-- TestNG1.AnnotationDemo1 -->
