<?xml version="1.0" encoding="UTF-8"?>
<!-- Generated by org.testng.reporters.JUnitReportReporter -->
<testsuite hostname="LAPTOP-OB53OND9" failures="0" tests="3" name="TestNG1.LoginTest1" time="63.430" errors="0" timestamp="2024-04-16T20:02:17 IST" skipped="0">
  <testcase classname="TestNG1.LoginTest1" name="openapp" time="58.296"/>
  <testcase classname="TestNG1.LoginTest1" name="login" time="5.011"/>
  <testcase classname="TestNG1.LoginTest1" name="close" time="0.123"/>
</testsuite> <!-- TestNG1.LoginTest1 -->
