<?xml version="1.0" encoding="UTF-8"?>
<!-- Generated by org.testng.reporters.JUnitReportReporter -->
<testsuite hostname="LAPTOP-OB53OND9" failures="0" tests="3" name="Day31122023.LoginTest" time="7.941" errors="0" timestamp="2023-12-31T17:58:41 IST" skipped="0">
  <testcase classname="Day31122023.LoginTest" name="openapp" time="7.119"/>
  <testcase classname="Day31122023.LoginTest" name="login" time="0.749"/>
  <testcase classname="Day31122023.LoginTest" name="close" time="0.073"/>
</testsuite> <!-- Day31122023.LoginTest -->
