<?xml version="1.0" encoding="UTF-8"?>
<!-- Generated by org.testng.reporters.JUnitReportReporter -->
<testsuite hostname="LAPTOP-OB53OND9" failures="0" tests="10" name="TestNG2.InvocationCount" time="0.013" errors="0" timestamp="2024-01-06T18:09:40 IST" skipped="0">
  <testcase classname="TestNG2.InvocationCount" name="test" time="0.001"/>
  <testcase classname="TestNG2.InvocationCount" name="test" time="0.001"/>
  <testcase classname="TestNG2.InvocationCount" name="test" time="0.001"/>
  <testcase classname="TestNG2.InvocationCount" name="test" time="0.000"/>
  <testcase classname="TestNG2.InvocationCount" name="test" time="0.001"/>
  <testcase classname="TestNG2.InvocationCount" name="test" time="0.001"/>
  <testcase classname="TestNG2.InvocationCount" name="test" time="0.004"/>
  <testcase classname="TestNG2.InvocationCount" name="test" time="0.001"/>
  <testcase classname="TestNG2.InvocationCount" name="test" time="0.001"/>
  <testcase classname="TestNG2.InvocationCount" name="test" time="0.002"/>
</testsuite> <!-- TestNG2.InvocationCount -->
