<?xml version="1.0" encoding="UTF-8"?>
<!-- Generated by org.testng.reporters.JUnitReportReporter -->
<testsuite hostname="LAPTOP-OB53OND9" failures="0" tests="3" name="Day31122023.LoginTest1" time="9.806" errors="0" timestamp="2024-01-01T10:27:19 IST" skipped="0">
  <testcase classname="Day31122023.LoginTest1" name="openapp" time="9.083"/>
  <testcase classname="Day31122023.LoginTest1" name="login" time="0.614"/>
  <testcase classname="Day31122023.LoginTest1" name="close" time="0.109"/>
</testsuite> <!-- Day31122023.LoginTest1 -->
