<?xml version="1.0" encoding="UTF-8"?>
<!-- Generated by org.testng.reporters.JUnitReportReporter -->
<testsuite hostname="LAPTOP-OB53OND9" failures="0" tests="2" name="Day31122023.AnnotationDemo2" time="0.003" errors="0" timestamp="2024-01-01T10:27:19 IST" skipped="0">
  <testcase classname="Day31122023.AnnotationDemo2" name="Search" time="0.002"/>
  <testcase classname="Day31122023.AnnotationDemo2" name="Advancesearch" time="0.001"/>
</testsuite> <!-- Day31122023.AnnotationDemo2 -->
