<?xml version="1.0" encoding="UTF-8"?>
<!-- Generated by org.testng.reporters.JUnitReportReporter -->
<testsuite hostname="LAPTOP-OB53OND9" failures="0" tests="3" name="TestNG2.grouping" time="0.007" errors="0" timestamp="2024-06-03T18:55:32 IST" skipped="0">
  <testcase classname="TestNG2.grouping" name="loginByfacebook" time="0.005"/>
  <testcase classname="TestNG2.grouping" name="loginBytwitter" time="0.001"/>
  <testcase classname="TestNG2.grouping" name="paymentindollar" time="0.001"/>
</testsuite> <!-- TestNG2.grouping -->
