<?xml version="1.0" encoding="UTF-8"?>
<!-- Generated by org.testng.reporters.JUnitReportReporter -->
<testsuite hostname="LAPTOP-OB53OND9" failures="0" tests="1" name="Day31122023.Assertions1" time="2.928" errors="0" timestamp="2024-01-01T12:50:37 IST" skipped="0">
  <testcase classname="Day31122023.Assertions1" name="Compare" time="2.928"/>
</testsuite> <!-- Day31122023.Assertions1 -->
