<?xml version="1.0" encoding="UTF-8"?>
<!-- Generated by org.testng.reporters.JUnitReportReporter -->
<testsuite hostname="LAPTOP-OB53OND9" failures="0" tests="1" name="Day31122023.FirstTest" time="0.007" errors="0" timestamp="2023-12-31T11:49:49 IST" skipped="0">
  <testcase classname="Day31122023.FirstTest" name="f" time="0.007"/>
</testsuite> <!-- Day31122023.FirstTest -->
